<?xml version="1.0" encoding="UTF-8"?>
<!-- Generated by org.testng.reporters.JUnitXMLReporter -->
<testsuite hostname="Nithesh-Gowda" ignored="0" name="Test" tests="11" failures="1" timestamp="07 Jun 2020 14:27:31 GMT" time="433.086" errors="0">
  <testcase name="@AfterMethod configAm" time="7.756" classname="com.vTiger.GenericLibs.Base">
    <failure type="org.openqa.selenium.StaleElementReferenceException" message="stale element reference: element is not attached to the page document
  (Session info: chrome=83.0.4103.97)
For documentation on this error, please visit: https://www.seleniumhq.org/exceptions/stale_element_reference.html
Build info: version: &amp;apos;3.141.59&amp;apos;, revision: &amp;apos;e82be7d358&amp;apos;, time: &amp;apos;2018-11-14T08:17:03&amp;apos;
System info: host: &amp;apos;NITHESH-GOWDA&amp;apos;, ip: &amp;apos;192.168.43.140&amp;apos;, os.name: &amp;apos;Windows 8.1&amp;apos;, os.arch: &amp;apos;amd64&amp;apos;, os.version: &amp;apos;6.3&amp;apos;, java.version: &amp;apos;1.8.0_241&amp;apos;
Driver info: org.openqa.selenium.chrome.ChromeDriver
Capabilities {acceptInsecureCerts: false, browserName: chrome, browserVersion: 83.0.4103.97, chrome: {chromedriverVersion: 83.0.4103.39 (ccbf011cb2d2b..., userDataDir: C:\Users\user\AppData\Local...}, goog:chromeOptions: {debuggerAddress: localhost:60139}, javascriptEnabled: true, networkConnectionEnabled: false, pageLoadStrategy: normal, platform: WINDOWS, platformName: WINDOWS, proxy: Proxy(), setWindowRect: true, strictFileInteractability: false, timeouts: {implicit: 0, pageLoad: 300000, script: 30000}, unhandledPromptBehavior: dismiss and notify, webauthn:virtualAuthenticators: true}
Session ID: 00de3faa5af4e67d10229766c1e2a6de">
      <![CDATA[org.openqa.selenium.StaleElementReferenceException: stale element reference: element is not attached to the page document
  (Session info: chrome=83.0.4103.97)
For documentation on this error, please visit: https://www.seleniumhq.org/exceptions/stale_element_reference.html
Build info: version: '3.141.59', revision: 'e82be7d358', time: '2018-11-14T08:17:03'
System info: host: 'NITHESH-GOWDA', ip: '192.168.43.140', os.name: 'Windows 8.1', os.arch: 'amd64', os.version: '6.3', java.version: '1.8.0_241'
Driver info: org.openqa.selenium.chrome.ChromeDriver
Capabilities {acceptInsecureCerts: false, browserName: chrome, browserVersion: 83.0.4103.97, chrome: {chromedriverVersion: 83.0.4103.39 (ccbf011cb2d2b..., userDataDir: C:\Users\user\AppData\Local...}, goog:chromeOptions: {debuggerAddress: localhost:60139}, javascriptEnabled: true, networkConnectionEnabled: false, pageLoadStrategy: normal, platform: WINDOWS, platformName: WINDOWS, proxy: Proxy(), setWindowRect: true, strictFileInteractability: false, timeouts: {implicit: 0, pageLoad: 300000, script: 30000}, unhandledPromptBehavior: dismiss and notify, webauthn:virtualAuthenticators: true}
Session ID: 00de3faa5af4e67d10229766c1e2a6de
at org.openqa.selenium.remote.http.W3CHttpResponseCodec.createException(W3CHttpResponseCodec.java:187)
at org.openqa.selenium.remote.http.W3CHttpResponseCodec.decode(W3CHttpResponseCodec.java:122)
at org.openqa.selenium.remote.http.W3CHttpResponseCodec.decode(W3CHttpResponseCodec.java:49)
at org.openqa.selenium.remote.HttpCommandExecutor.execute(HttpCommandExecutor.java:158)
at org.openqa.selenium.remote.service.DriverCommandExecutor.execute(DriverCommandExecutor.java:83)
at org.openqa.selenium.remote.RemoteWebDriver.execute(RemoteWebDriver.java:552)
at org.openqa.selenium.remote.RemoteWebElement.execute(RemoteWebElement.java:285)
at org.openqa.selenium.remote.RemoteWebElement.click(RemoteWebElement.java:84)
at org.openqa.selenium.support.pagefactory.internal.LocatingElementHandler.invoke(LocatingElementHandler.java:51)
at com.sun.proxy.$Proxy13.click(Unknown Source)
at com.vTiger.PageObject.Home.signOut(Home.java:94)
at com.vTiger.GenericLibs.Base.configAm(Base.java:58)
... Removed 36 stack frames]]>
    </failure>
  </testcase> <!-- @AfterMethod configAm -->
  <testcase name="@AfterClass configAc" time="0.0" classname="com.vTiger.GenericLibs.Base">
    <skipped/>
  </testcase> <!-- @AfterClass configAc -->
  <testcase name="createContact" time="23.424" classname="com.vTiger.testscripts.CreateContactTest"/>
  <testcase name="createContact" time="25.751" classname="com.vTiger.testscripts.CreateContactTest"/>
  <testcase name="createOrganization" time="16.872" classname="com.vTiger.testscripts.CreateOrganizationTest">
    <failure type="java.lang.AssertionError" message="expected [true] but found [false]">
      <![CDATA[java.lang.AssertionError: expected [true] but found [false]
at com.vTiger.PageObject.Organization.createOrganization(Organization.java:75)
at com.vTiger.testscripts.CreateOrganizationTest.createOrganization(CreateOrganizationTest.java:21)
... Removed 29 stack frames]]>
    </failure>
  </testcase> <!-- createOrganization -->
  <testcase name="createproduct" time="31.662" classname="com.vTiger.testscripts.CreateProductTest"/>
  <testcase name="createLead" time="22.386" classname="com.vTiger.testscripts.CreateLeadTest"/>
  <testcase name="createLead" time="27.358" classname="com.vTiger.testscripts.CreateLeadTest"/>
  <testcase name="createVendor" time="18.905" classname="com.vTiger.testscripts.CreateVendorTest"/>
  <testcase name="deleteOrg" time="17.297" classname="com.vTiger.testscripts.DeleteAllOrganizatioTest"/>
  <testcase name="deletevendor" time="9.335" classname="com.vTiger.testscripts.DeleteVendorTest"/>
  <testcase name="deleteLead" time="18.994" classname="com.vTiger.testscripts.DeleteLeadTest"/>
  <testcase name="deleteAllContact" time="17.637" classname="com.vTiger.testscripts.DeleteAllContactTest"/>
</testsuite> <!-- Test -->
